<?xml version="1.0" encoding="UTF-8"?>
<!-- Generated by org.testng.reporters.JUnitReportReporter -->
<testsuite hostname="alejandrolammbp.lan" failures="0" tests="2" name="com.api.GrandPrix" time="2.607" errors="0" timestamp="2021-12-03T11:42:54 CST" skipped="0">
  <testcase classname="com.api.GrandPrix" name="getGPResponse" time="0.001"/>
  <system-out/>
  <testcase classname="com.api.GrandPrix" name="albertParkGrandPrix" time="2.606"/>
  <system-out/>
</testsuite> <!-- com.api.GrandPrix -->
