<?xml version="1.0" encoding="UTF-8"?>
<!-- Generated by org.testng.reporters.JUnitReportReporter -->
<testsuite hostname="DL007115097.7-11.com" failures="0" tests="6" name="com.code.CodePractice" time="0.013" errors="0" timestamp="2022-05-17T11:05:48 CDT" skipped="0">
  <testcase classname="com.code.CodePractice" name="reverseSentence" time="0.001"/>
  <system-out/>
  <testcase classname="com.code.CodePractice" name="deleteLetters" time="0.001"/>
  <system-out/>
  <testcase classname="com.code.CodePractice" name="aPrintHi" time="0.008"/>
  <system-out/>
  <testcase classname="com.code.CodePractice" name="countRepeatedNumbers" time="0.001"/>
  <system-out/>
  <testcase classname="com.code.CodePractice" name="findNumberPosition" time="0.002"/>
  <system-out/>
  <testcase classname="com.code.CodePractice" name="removeNumber" time="0.000"/>
  <system-out/>
</testsuite> <!-- com.code.CodePractice -->
