<?xml version="1.0" encoding="UTF-8"?>
<!-- Generated by org.testng.reporters.JUnitReportReporter -->
<testsuite hostname="alejandrolammbp.lan" failures="0" tests="5" name="com.code.CodePractice" time="0.015" errors="0" timestamp="2021-12-02T11:59:55 CST" skipped="0">
  <testcase classname="com.code.CodePractice" name="removeNumber" time="0.002"/>
  <system-out/>
  <testcase classname="com.code.CodePractice" name="countRepeatedNumbers" time="0.009"/>
  <system-out/>
  <testcase classname="com.code.CodePractice" name="findNumberPosition" time="0.001"/>
  <system-out/>
  <testcase classname="com.code.CodePractice" name="deleteLetters" time="0.002"/>
  <system-out/>
  <testcase classname="com.code.CodePractice" name="reverseSentence" time="0.001"/>
  <system-out/>
</testsuite> <!-- com.code.CodePractice -->
