<?xml version="1.0" encoding="UTF-8"?>
<!-- Generated by org.testng.reporters.JUnitReportReporter -->
<testsuite hostname="alejandrolammbp.lan" failures="0" tests="3" name="com.code.CodePractice" time="0.014" errors="0" timestamp="2021-12-01T14:11:40 CST" skipped="0">
  <testcase classname="com.code.CodePractice" name="deleteLetters" time="0.012"/>
  <system-out/>
  <testcase classname="com.code.CodePractice" name="findNumberPosition" time="0.001"/>
  <system-out/>
  <testcase classname="com.code.CodePractice" name="reverseSentence" time="0.001"/>
  <system-out/>
</testsuite> <!-- com.code.CodePractice -->
