<?xml version="1.0" encoding="UTF-8"?>
<!-- Generated by org.testng.reporters.JUnitReportReporter -->
<testsuite hostname="MS005112001.7-11.com" failures="0" tests="1" name="com.api.PokemonApi" time="2.500" errors="0" timestamp="2022-05-04T15:19:36 CDT" skipped="0">
  <testcase classname="com.api.PokemonApi" name="getSquirtleData" time="2.500"/>
  <system-out/>
</testsuite> <!-- com.api.PokemonApi -->
