<?xml version="1.0" encoding="UTF-8"?>
<!-- Generated by org.testng.reporters.JUnitReportReporter -->
<testsuite hostname="alejandrolammbp.lan" failures="0" tests="6" name="com.code.CodePractice" time="0.015" errors="0" timestamp="2021-12-03T17:37:13 CST" skipped="0">
  <testcase classname="com.code.CodePractice" name="findNumberPosition" time="0.001"/>
  <system-out/>
  <testcase classname="com.code.CodePractice" name="deleteLetters" time="0.001"/>
  <system-out/>
  <testcase classname="com.code.CodePractice" name="removeNumber" time="0.000"/>
  <system-out/>
  <testcase classname="com.code.CodePractice" name="reverseSentence" time="0.001"/>
  <system-out/>
  <testcase classname="com.code.CodePractice" name="countRepeatedNumbers" time="0.001"/>
  <system-out/>
  <testcase classname="com.code.CodePractice" name="aPrintHi" time="0.011"/>
  <system-out/>
</testsuite> <!-- com.code.CodePractice -->
