<?xml version="1.0" encoding="UTF-8"?>
<!-- Generated by org.testng.reporters.JUnitReportReporter -->
<testsuite hostname="MS005112001.7-11.com" failures="0" tests="2" name="com.api.GrandPrix" time="2.826" errors="0" timestamp="2022-05-03T11:59:43 CDT" skipped="0">
  <testcase classname="com.api.GrandPrix" name="albertParkGrandPrix" time="2.825"/>
  <system-out/>
  <testcase classname="com.api.GrandPrix" name="getGPResponse" time="0.001"/>
  <system-out/>
</testsuite> <!-- com.api.GrandPrix -->
