<?xml version="1.0" encoding="UTF-8"?>
<!-- Generated by org.testng.reporters.JUnitReportReporter -->
<testsuite hostname="alejandrolammbp.lan" failures="0" tests="1" name="com.amazon.AmazonHomePageValidations" time="0.098" errors="0" timestamp="2021-12-01T15:03:47 CST" skipped="0">
  <testcase classname="com.amazon.AmazonHomePageValidations" name="validateFooterElements" time="0.098"/>
  <system-out/>
</testsuite> <!-- com.amazon.AmazonHomePageValidations -->
