<?xml version="1.0" encoding="UTF-8"?>
<!-- Generated by org.testng.reporters.JUnitReportReporter -->
<testsuite hostname="alejandrolammbp.lan" failures="0" tests="1" name="com.amazon.AmazonLoginScreen" time="2.189" errors="0" timestamp="2022-05-18T16:30:00 CDT" skipped="0">
  <testcase classname="com.amazon.AmazonLoginScreen" name="checkLoginScreen" time="2.189"/>
  <system-out/>
</testsuite> <!-- com.amazon.AmazonLoginScreen -->
