<?xml version="1.0" encoding="UTF-8"?>
<!-- Generated by org.testng.reporters.JUnitReportReporter -->
<testsuite hostname="DL007115097.7-11.com" failures="0" tests="1" name="com.interview.Interview" time="0.007" errors="0" timestamp="2022-05-18T11:06:43 CDT" skipped="0">
  <testcase classname="com.interview.Interview" name="codeInterview" time="0.007"/>
  <system-out/>
</testsuite> <!-- com.interview.Interview -->
