<?xml version="1.0" encoding="UTF-8"?>
<!-- Generated by org.testng.reporters.JUnitReportReporter -->
<testsuite hostname="alejandrolammbp.lan" failures="0" tests="2" name="com.api.GrandPrix" time="3.575" errors="0" timestamp="2021-12-01T09:34:54 CST" skipped="0">
  <testcase classname="com.api.GrandPrix" name="albertParkGrandPrix" time="3.573"/>
  <system-out/>
  <testcase classname="com.api.GrandPrix" name="getGPResponse" time="0.002"/>
  <system-out/>
</testsuite> <!-- com.api.GrandPrix -->
