<?xml version="1.0" encoding="UTF-8"?>
<!-- Generated by org.testng.reporters.JUnitReportReporter -->
<testsuite hostname="alejandrolammbp.lan" failures="0" tests="2" name="com.code.CodePractice" time="0.012" errors="0" timestamp="2021-12-01T12:50:27 CST" skipped="0">
  <testcase classname="com.code.CodePractice" name="reverseSentence" time="0.001"/>
  <system-out/>
  <testcase classname="com.code.CodePractice" name="deleteLetters" time="0.011"/>
  <system-out/>
</testsuite> <!-- com.code.CodePractice -->
