<?xml version="1.0" encoding="UTF-8"?>
<!-- Generated by org.testng.reporters.JUnitReportReporter -->
<testsuite hostname="alejandrolammbp.lan" failures="0" tests="4" name="com.code.CodePractice" time="0.011" errors="0" timestamp="2021-12-02T10:57:23 CST" skipped="0">
  <testcase classname="com.code.CodePractice" name="deleteLetters" time="0.007"/>
  <system-out/>
  <testcase classname="com.code.CodePractice" name="removeNumber" time="0.002"/>
  <system-out/>
  <testcase classname="com.code.CodePractice" name="reverseSentence" time="0.001"/>
  <system-out/>
  <testcase classname="com.code.CodePractice" name="findNumberPosition" time="0.001"/>
  <system-out/>
</testsuite> <!-- com.code.CodePractice -->
